[debug] [2022-03-05T18:26:42.974Z] ----------------------------------------------------------------------
[debug] [2022-03-05T18:26:42.976Z] Command:       C:\Program Files\nodejs\node.exe C:\Users\lito_\AppData\Roaming\npm\node_modules\firebase-tools\lib\bin\firebase.js init
[debug] [2022-03-05T18:26:42.976Z] CLI Version:   10.2.2
[debug] [2022-03-05T18:26:42.976Z] Platform:      win32
[debug] [2022-03-05T18:26:42.977Z] Node Version:  v14.15.5
[debug] [2022-03-05T18:26:42.978Z] Time:          Sat Mar 05 2022 12:26:42 GMT-0600 (hora estándar central)
[debug] [2022-03-05T18:26:42.978Z] ----------------------------------------------------------------------
[debug] 
[debug] [2022-03-05T18:26:42.986Z] > command requires scopes: ["email","openid","https://www.googleapis.com/auth/cloudplatformprojects.readonly","https://www.googleapis.com/auth/firebase","https://www.googleapis.com/auth/cloud-platform"]
[debug] [2022-03-05T18:26:42.986Z] > authorizing via signed-in user (alexisramirezhernandez@gmail.com)
[info] 
     ######## #### ########  ######## ########     ###     ######  ########
     ##        ##  ##     ## ##       ##     ##  ##   ##  ##       ##
     ######    ##  ########  ######   ########  #########  ######  ######
     ##        ##  ##    ##  ##       ##     ## ##     ##       ## ##
     ##       #### ##     ## ######## ########  ##     ##  ######  ########

You're about to initialize a Firebase project in this directory:

  C:\Users\lito_\Desktop\Innovaccion\LaunchX\Mision-Front-End\Semana-2\Pasteleria

[info] 
=== Project Setup
[info] 
[info] First, let's associate this project directory with a Firebase project.
[info] You can create multiple project aliases by running firebase use --add, 
[info] but for now we'll just set up a default project.
[info] 
[debug] [2022-03-05T18:27:49.876Z] >>> [apiv2][query] GET https://firebase.googleapis.com/v1beta1/projects pageSize=100
[debug] [2022-03-05T18:27:50.391Z] <<< [apiv2][status] GET https://firebase.googleapis.com/v1beta1/projects 200
[debug] [2022-03-05T18:27:50.391Z] <<< [apiv2][body] GET https://firebase.googleapis.com/v1beta1/projects [omitted]
[info] i  Using project pasteleria-planeta (pasteleria-planeta) 
[info] 
=== Hosting Setup
[info] 
[info] Your public directory is the folder (relative to your project directory) that
[info] will contain Hosting assets to be uploaded with firebase deploy. If you
[info] have a build process for your assets, use your build's output directory.
[info] 
[info] +  Wrote .//404.html 
[debug] [2022-03-05T18:28:54.877Z] >>> [apiv2][query] GET https://www.gstatic.com/firebasejs/releases.json [none]
[debug] [2022-03-05T18:28:55.122Z] <<< [apiv2][status] GET https://www.gstatic.com/firebasejs/releases.json 200
[debug] [2022-03-05T18:28:55.122Z] <<< [apiv2][body] GET https://www.gstatic.com/firebasejs/releases.json {"current":{"version":"9.6.8","browserURL":"https://www.gstatic.com/firebasejs/9.6.8/firebase.js","packageURL":"https://www.gstatic.com/firebasejs/9.6.8/firebase.tgz"},"live":{"version":"9.6","browserURL":"https://www.gstatic.com/firebasejs/live/9.6/firebase.js","packageURL":"https://www.gstatic.com/firebasejs/live/9.6/firebase.tgz"},"components":{"analytics":"https://www.gstatic.com/firebasejs/9.6.8/firebase-analytics.js","app":"https://www.gstatic.com/firebasejs/9.6.8/firebase-app.js","app-check":"https://www.gstatic.com/firebasejs/9.6.8/firebase-app-check.js","auth":"https://www.gstatic.com/firebasejs/9.6.8/firebase-auth.js","auth/cordova":"https://www.gstatic.com/firebasejs/9.6.8/firebase-auth/cordova.js","auth/react-native":"https://www.gstatic.com/firebasejs/9.6.8/firebase-auth/react-native.js","functions":"https://www.gstatic.com/firebasejs/9.6.8/firebase-functions.js","firestore":"https://www.gstatic.com/firebasejs/9.6.8/firebase-firestore.js","firestore/lite":"https://www.gstatic.com/firebasejs/9.6.8/firebase-firestore/lite.js","storage":"https://www.gstatic.com/firebasejs/9.6.8/firebase-storage.js","performance":"https://www.gstatic.com/firebasejs/9.6.8/firebase-performance.js","remote-config":"https://www.gstatic.com/firebasejs/9.6.8/firebase-remote-config.js","messaging":"https://www.gstatic.com/firebasejs/9.6.8/firebase-messaging.js","messaging/sw":"https://www.gstatic.com/firebasejs/9.6.8/firebase-messaging/sw.js","database":"https://www.gstatic.com/firebasejs/9.6.8/firebase-database.js","firestore.memory":"https://www.gstatic.com/firebasejs/9.6.8/firebase-firestore.memory.js"}}
[info] i  Skipping write of .//index.html 
[info] 
[info] i  Detected a .git folder at C:\Users\lito_\Desktop\Innovaccion\LaunchX\Mision-Front-End 
[info] i  Authorizing with GitHub to upload your service account to a GitHub repository's secrets store. 
[info] 
[info] Visit this URL on this device to log in:
[info] https://github.com/login/oauth/authorize?client_id=89cf50f02ac6aaed3484&state=59793744&redirect_uri=http%3A%2F%2Flocalhost%3A9005&scope=read%3Auser%20repo%20public_repo
[info] 
[info] Waiting for authentication...
[debug] [2022-03-05T18:29:31.866Z] >>> HTTP REQUEST POST https://github.com/login/oauth/access_token  
 {"client_id":"89cf50f02ac6aaed3484","client_secret":"3330d14abc895d9a74d5f17cd7a00711fa2c5bf0","code":"53c403957388fb4a52d4","redirect_uri":"http://localhost:9005","state":"59793744"}
[debug] [2022-03-05T18:29:32.350Z] <<< HTTP RESPONSE 200 {"server":"GitHub.com","date":"Sat, 05 Mar 2022 18:29:32 GMT","content-type":"application/json; charset=utf-8","transfer-encoding":"chunked","vary":"X-PJAX, X-PJAX-Container, Accept-Encoding, Accept, X-Requested-With","permissions-policy":"interest-cohort=()","etag":"W/\"4f2a71e99f26d596d545ba2ad667260c\"","cache-control":"max-age=0, private, must-revalidate","strict-transport-security":"max-age=31536000; includeSubdomains; preload","x-frame-options":"deny","x-content-type-options":"nosniff","x-xss-protection":"0","referrer-policy":"origin-when-cross-origin, strict-origin-when-cross-origin","expect-ct":"max-age=2592000, report-uri=\"https://api.github.com/_private/browser/errors\"","content-security-policy":"default-src 'none'; base-uri 'self'; block-all-mixed-content; child-src github.com/assets-cdn/worker/ gist.github.com/assets-cdn/worker/; connect-src 'self' uploads.github.com objects-origin.githubusercontent.com www.githubstatus.com collector.githubapp.com collector.github.com api.github.com github-cloud.s3.amazonaws.com github-production-repository-file-5c1aeb.s3.amazonaws.com github-production-upload-manifest-file-7fdce7.s3.amazonaws.com github-production-user-asset-6210df.s3.amazonaws.com cdn.optimizely.com logx.optimizely.com/v1/events translator.github.com wss://alive.github.com; font-src github.githubassets.com; form-action 'self' github.com gist.github.com objects-origin.githubusercontent.com; frame-ancestors 'none'; frame-src render.githubusercontent.com viewscreen.githubusercontent.com notebooks.githubusercontent.com; img-src 'self' data: github.githubassets.com identicons.github.com collector.githubapp.com collector.github.com github-cloud.s3.amazonaws.com secured-user-images.githubusercontent.com/ *.githubusercontent.com; manifest-src 'self'; media-src github.com user-images.githubusercontent.com/; script-src github.githubassets.com; style-src 'unsafe-inline' github.githubassets.com; worker-src github.com/assets-cdn/worker/ gist.github.com/assets-cdn/worker/","x-github-request-id":"1ADA:2645:2853464:4A61BF5:6223AC0C"}
[debug] [2022-03-05T18:29:32.359Z] >>> [apiv2][query] GET https://api.github.com/user [none]
[debug] [2022-03-05T18:29:32.795Z] <<< [apiv2][status] GET https://api.github.com/user 200
[debug] [2022-03-05T18:29:32.795Z] <<< [apiv2][body] GET https://api.github.com/user {"login":"AlexisRamirezHernandez","id":37453654,"node_id":"MDQ6VXNlcjM3NDUzNjU0","avatar_url":"https://avatars.githubusercontent.com/u/37453654?v=4","gravatar_id":"","url":"https://api.github.com/users/AlexisRamirezHernandez","html_url":"https://github.com/AlexisRamirezHernandez","followers_url":"https://api.github.com/users/AlexisRamirezHernandez/followers","following_url":"https://api.github.com/users/AlexisRamirezHernandez/following{/other_user}","gists_url":"https://api.github.com/users/AlexisRamirezHernandez/gists{/gist_id}","starred_url":"https://api.github.com/users/AlexisRamirezHernandez/starred{/owner}{/repo}","subscriptions_url":"https://api.github.com/users/AlexisRamirezHernandez/subscriptions","organizations_url":"https://api.github.com/users/AlexisRamirezHernandez/orgs","repos_url":"https://api.github.com/users/AlexisRamirezHernandez/repos","events_url":"https://api.github.com/users/AlexisRamirezHernandez/events{/privacy}","received_events_url":"https://api.github.com/users/AlexisRamirezHernandez/received_events","type":"User","site_admin":false,"name":"Alexis Ramirez Hernandez","company":null,"blog":"","location":"Oaxaca, Mex","email":null,"hireable":null,"bio":"Oaxaqueño estudiante Ing en sistemas computacionales 22 años/ I'm resident in Computer Sistems","twitter_username":"AlexizzsRamirez","public_repos":20,"public_gists":0,"followers":8,"following":17,"created_at":"2018-03-16T17:58:06Z","updated_at":"2022-02-26T20:54:11Z","private_gists":0,"total_private_repos":2,"owned_private_repos":2,"disk_usage":12812,"collaborators":2,"two_factor_authentication":false,"plan":{"name":"pro","space":976562499,"collaborators":0,"private_repos":9999}}
[info] 
[info] +  Success! Logged into GitHub as AlexisRamirezHernandez 
[info] 
